
> chadfernandez-me@3.10.1 build /Users/chof64/intent/workspaces/personal-update/chadfernandez-me
> next build

▲ Next.js 16.1.1 (Turbopack)

  Creating an optimized production build ...
✓ Compiled successfully in 4.8s
  Running TypeScript ...
  Collecting page data using 7 workers ...
  Generating static pages using 7 workers (0/10) ...
  Generating static pages using 7 workers (2/10) 
  Generating static pages using 7 workers (4/10) 
  Generating static pages using 7 workers (7/10) 
✓ Generating static pages using 7 workers (10/10) in 242.4ms
  Finalizing page optimization ...

Route (app)
┌ ○ /
├ ○ /_not-found
├ ○ /engagements
├ ○ /opengraph-image.png
├ ○ /post
├ ● /post/[slug]
├ ○ /projects
├ ○ /robots.txt
├ ○ /sitemap.xml
└ ○ /twitter-image.png


○  (Static)  prerendered as static content
●  (SSG)     prerendered as static HTML (uses generateStaticParams)

