Lockfile is up to date, resolution step is skipped
Progress: resolved 1, reused 0, downloaded 0, added 0
Packages: +634
++++++++++++++++++++++++++++++++++++++++++++++++++++++++++++++++++++++++++++++++
Progress: resolved 634, reused 634, downloaded 0, added 55
Progress: resolved 634, reused 634, downloaded 0, added 273
Progress: resolved 634, reused 634, downloaded 0, added 403
Progress: resolved 634, reused 634, downloaded 0, added 427
Progress: resolved 634, reused 634, downloaded 0, added 495
Progress: resolved 634, reused 634, downloaded 0, added 602
Progress: resolved 634, reused 634, downloaded 0, added 633
Progress: resolved 634, reused 634, downloaded 0, added 634, done

dependencies:
+ @base-ui/react 1.0.0
+ @hugeicons/core-free-icons 3.1.1
+ @hugeicons/react 1.1.4
+ @radix-ui/react-popover 1.1.15
+ @radix-ui/react-slot 1.2.4
+ @t3-oss/env-nextjs 0.13.10
+ class-variance-authority 0.7.1
+ clsx 2.1.1
+ lucide-react 0.559.0
+ next 16.1.1
+ radix-ui 1.4.3
+ react 19.2.3
+ react-dom 19.2.3
+ react-github-calendar 5.0.4
+ tailwind-merge 3.4.0
+ zod 4.3.5

devDependencies:
+ @biomejs/biome 2.3.11
+ @release-it/conventional-changelog 10.0.4
+ @tailwindcss/postcss 4.1.17
+ @tailwindcss/typography 0.5.19
+ @types/node 25.0.8
+ @types/react 19.2.8
+ @types/react-dom 19.2.3
+ postcss 8.5.6
+ release-it 19.2.3
+ shadcn 3.6.3
+ tailwindcss 4.1.18
+ tw-animate-css 1.4.0
+ typescript 5.9.3
+ ultracite 7.0.11

Done in 7.7s using pnpm v10.28.0
